#
# There is insufficient memory for the Java Runtime Environment to continue.
# Native memory allocation (malloc) failed to allocate 32744 bytes for Chunk::new
# Possible reasons:
#   The system is out of physical RAM or swap space
#   The process is running with CompressedOops enabled, and the Java Heap may be blocking the growth of the native heap
# Possible solutions:
#   Reduce memory load on the system
#   Increase physical memory or swap space
#   Check if swap backing store is full
#   Decrease Java heap size (-Xmx/-Xms)
#   Decrease number of Java threads
#   Decrease Java thread stack sizes (-Xss)
#   Set larger code cache with -XX:ReservedCodeCacheSize=
#   JVM is running with Unscaled Compressed Oops mode in which the Java heap is
#     placed in the first 4GB address space. The Java Heap base address is the
#     maximum limit for the native heap growth. Please use -XX:HeapBaseMinAddress
#     to set the Java Heap base and to place the Java Heap above 4GB virtual address.
# This output file may be truncated or incomplete.
#
#  Out of Memory Error (arena.cpp:184), pid=5608, tid=2956
#
# JRE version: Java(TM) SE Runtime Environment (20.0.2+9) (build 20.0.2+9-78)
# Java VM: Java HotSpot(TM) 64-Bit Server VM (20.0.2+9-78, mixed mode, tiered, compressed oops, compressed class ptrs, g1 gc, windows-amd64)
# No core dump will be written. Minidumps are not enabled by default on client versions of Windows
#

---------------  S U M M A R Y ------------

Command Line: -Dfile.encoding=UTF-8 --module-path=C:\Users\magno\Downloads\Projeto mod 3\M-Tur\mysql-connector-j-8.1.0.jar -XX:+ShowCodeDetailsInExceptionMessages Modal.AgenciaTeste

Host: Intel(R) Core(TM) i5-8250U CPU @ 1.60GHz, 8 cores, 7G,  Windows 11 , 64 bit Build 22621 (10.0.22621.2215)
Time: Wed Sep 27 13:46:12 2023 Hora Padrão de Buenos Aires elapsed time: 0.169608 seconds (0d 0h 0m 0s)

---------------  T H R E A D  ---------------

Current thread (0x000001ffdd883a60):  JavaThread "C2 CompilerThread0" daemon [_thread_in_native, id=2956, stack(0x000000059d600000,0x000000059d700000)]


Current CompileTask:
C2:    169  196       4       java.lang.String::hashCode (60 bytes)

Stack: [0x000000059d600000,0x000000059d700000]
Native frames: (J=compiled Java code, j=interpreted, Vv=VM code, C=native code)
V  [jvm.dll+0x6bc25a]
V  [jvm.dll+0x84971a]
V  [jvm.dll+0x84b315]
V  [jvm.dll+0x84ba13]
V  [jvm.dll+0x280e4f]
V  [jvm.dll+0xc2ab1]
V  [jvm.dll+0xc2dd5]
V  [jvm.dll+0x705e97]
V  [jvm.dll+0x1e7011]
V  [jvm.dll+0x24b67b]
V  [jvm.dll+0x24a921]
V  [jvm.dll+0x1ce761]
V  [jvm.dll+0x25a0eb]
V  [jvm.dll+0x2587c0]
V  [jvm.dll+0x3f2dd5]
V  [jvm.dll+0x7f5c76]
V  [jvm.dll+0x6baecb]
C  [ucrtbase.dll+0x29363]
C  [KERNEL32.DLL+0x1257d]
C  [ntdll.dll+0x5aa68]


---------------  P R O C E S S  ---------------

Threads class SMR info:
_java_thread_list=0x000001ffdda2ad90, length=10, elements={
0x000001ffbcc16880, 0x000001ffdd826180, 0x000001ffdd8276c0, 0x000001ffdd876900,
0x000001ffdd877440, 0x000001ffdd85a7c0, 0x000001ffdd85b8a0, 0x000001ffdd883a60,
0x000001ffdd8843e0, 0x000001ffdd93a710
}

Java Threads: ( => current thread )
  0x000001ffbcc16880 JavaThread "main" [_thread_in_vm, id=7932, stack(0x000000059c900000,0x000000059ca00000)]
  0x000001ffdd826180 JavaThread "Reference Handler" daemon [_thread_blocked, id=3452, stack(0x000000059d000000,0x000000059d100000)]
  0x000001ffdd8276c0 JavaThread "Finalizer" daemon [_thread_blocked, id=3056, stack(0x000000059d100000,0x000000059d200000)]
  0x000001ffdd876900 JavaThread "Signal Dispatcher" daemon [_thread_blocked, id=1796, stack(0x000000059d200000,0x000000059d300000)]
  0x000001ffdd877440 JavaThread "Attach Listener" daemon [_thread_blocked, id=14060, stack(0x000000059d300000,0x000000059d400000)]
  0x000001ffdd85a7c0 JavaThread "Service Thread" daemon [_thread_blocked, id=8116, stack(0x000000059d400000,0x000000059d500000)]
  0x000001ffdd85b8a0 JavaThread "Monitor Deflation Thread" daemon [_thread_blocked, id=5912, stack(0x000000059d500000,0x000000059d600000)]
=>0x000001ffdd883a60 JavaThread "C2 CompilerThread0" daemon [_thread_in_native, id=2956, stack(0x000000059d600000,0x000000059d700000)]
  0x000001ffdd8843e0 JavaThread "C1 CompilerThread0" daemon [_thread_in_native, id=6180, stack(0x000000059d700000,0x000000059d800000)]
  0x000001ffdd93a710 JavaThread "Common-Cleaner" daemon [_thread_blocked, id=2984, stack(0x000000059d800000,0x000000059d900000)]

Other Threads:
  0x000001ffdd813910 VMThread "VM Thread" [stack: 0x000000059cf00000,0x000000059d000000] [id=1864]
  0x000001ffbcc77980 WorkerThread "GC Thread#0" [stack: 0x000000059ca00000,0x000000059cb00000] [id=5032]
  0x000001ffbcc88f10 ConcurrentGCThread "G1 Main Marker" [stack: 0x000000059cb00000,0x000000059cc00000] [id=14036]
  0x000001ffbcc89940 WorkerThread "G1 Conc#0" [stack: 0x000000059cc00000,0x000000059cd00000] [id=1568]
  0x000001ffd94ae530 ConcurrentGCThread "G1 Refine#0" [stack: 0x000000059cd00000,0x000000059ce00000] [id=13500]
  0x000001ffd94aefd0 ConcurrentGCThread "G1 Service" [stack: 0x000000059ce00000,0x000000059cf00000] [id=11920]

Threads with active compile tasks:
C2 CompilerThread0      212  196       4       java.lang.String::hashCode (60 bytes)
C1 CompilerThread0      212  207       3       java.util.zip.ZipFile::getZipEntry (322 bytes)

VM state: not at safepoint (normal execution)

VM Mutex/Monitor currently owned by a thread:  ([mutex/lock_event])
[0x000001ffbcc10b50] Metaspace_lock - owner thread: 0x000001ffbcc16880

Heap address: 0x0000000081600000, size: 2026 MB, Compressed Oops mode: 32-bit

CDS archive(s) not mapped
Compressed class space mapped at: 0x0000000100000000-0x0000000140000000, reserved size: 1073741824
Narrow klass base: 0x0000000000000000, Narrow klass shift: 3, Narrow klass range: 0x140000000

GC Precious Log:
 CardTable entry size: 512
 Card Set container configuration: InlinePtr #cards 5 size 8 Array Of Cards #cards 12 size 40 Howl #buckets 4 coarsen threshold 1843 Howl Bitmap #cards 512 size 80 coarsen threshold 460 Card regions per heap region 1 cards per card region 2048
 CPUs: 8 total, 8 available
 Memory: 8101M
 Large Page Support: Disabled
 NUMA Support: Disabled
 Compressed Oops: Enabled (32-bit)
 Heap Region Size: 1M
 Heap Min Capacity: 8M
 Heap Initial Capacity: 128M
 Heap Max Capacity: 2026M
 Pre-touch: Disabled
 Parallel Workers: 8
 Concurrent Workers: 2
 Concurrent Refinement Workers: 8
 Periodic GC: Disabled

Heap:
 garbage-first heap   total 131072K, used 3072K [0x0000000081600000, 0x0000000100000000)
  region size 1024K, 4 young (4096K), 0 survivors (0K)
 Metaspace       used 6694K, committed 6720K, reserved 1114112K
  class space    used 552K, committed 576K, reserved 1048576K

Heap Regions: E=young(eden), S=young(survivor), O=old, HS=humongous(starts), HC=humongous(continues), CS=collection set, F=free, OA=open archive, CA=closed archive, TAMS=top-at-mark-start, PB=parsable bottom
|   0|0x0000000081600000, 0x0000000081600000, 0x0000000081700000|  0%| F|  |TAMS 0x0000000081600000| PB 0x0000000081600000| Untracked 
|   1|0x0000000081700000, 0x0000000081700000, 0x0000000081800000|  0%| F|  |TAMS 0x0000000081700000| PB 0x0000000081700000| Untracked 
|   2|0x0000000081800000, 0x0000000081800000, 0x0000000081900000|  0%| F|  |TAMS 0x0000000081800000| PB 0x0000000081800000| Untracked 
|   3|0x0000000081900000, 0x0000000081900000, 0x0000000081a00000|  0%| F|  |TAMS 0x0000000081900000| PB 0x0000000081900000| Untracked 
|   4|0x0000000081a00000, 0x0000000081a00000, 0x0000000081b00000|  0%| F|  |TAMS 0x0000000081a00000| PB 0x0000000081a00000| Untracked 
|   5|0x0000000081b00000, 0x0000000081b00000, 0x0000000081c00000|  0%| F|  |TAMS 0x0000000081b00000| PB 0x0000000081b00000| Untracked 
|   6|0x0000000081c00000, 0x0000000081c00000, 0x0000000081d00000|  0%| F|  |TAMS 0x0000000081c00000| PB 0x0000000081c00000| Untracked 
|   7|0x0000000081d00000, 0x0000000081d00000, 0x0000000081e00000|  0%| F|  |TAMS 0x0000000081d00000| PB 0x0000000081d00000| Untracked 
|   8|0x0000000081e00000, 0x0000000081e00000, 0x0000000081f00000|  0%| F|  |TAMS 0x0000000081e00000| PB 0x0000000081e00000| Untracked 
|   9|0x0000000081f00000, 0x0000000081f00000, 0x0000000082000000|  0%| F|  |TAMS 0x0000000081f00000| PB 0x0000000081f00000| Untracked 
|  10|0x0000000082000000, 0x0000000082000000, 0x0000000082100000|  0%| F|  |TAMS 0x0000000082000000| PB 0x0000000082000000| Untracked 
|  11|0x0000000082100000, 0x0000000082100000, 0x0000000082200000|  0%| F|  |TAMS 0x0000000082100000| PB 0x0000000082100000| Untracked 
|  12|0x0000000082200000, 0x0000000082200000, 0x0000000082300000|  0%| F|  |TAMS 0x0000000082200000| PB 0x0000000082200000| Untracked 
|  13|0x0000000082300000, 0x0000000082300000, 0x0000000082400000|  0%| F|  |TAMS 0x0000000082300000| PB 0x0000000082300000| Untracked 
|  14|0x0000000082400000, 0x0000000082400000, 0x0000000082500000|  0%| F|  |TAMS 0x0000000082400000| PB 0x0000000082400000| Untracked 
|  15|0x0000000082500000, 0x0000000082500000, 0x0000000082600000|  0%| F|  |TAMS 0x0000000082500000| PB 0x0000000082500000| Untracked 
|  16|0x0000000082600000, 0x0000000082600000, 0x0000000082700000|  0%| F|  |TAMS 0x0000000082600000| PB 0x0000000082600000| Untracked 
|  17|0x0000000082700000, 0x0000000082700000, 0x0000000082800000|  0%| F|  |TAMS 0x0000000082700000| PB 0x0000000082700000| Untracked 
|  18|0x0000000082800000, 0x0000000082800000, 0x0000000082900000|  0%| F|  |TAMS 0x0000000082800000| PB 0x0000000082800000| Untracked 
|  19|0x0000000082900000, 0x0000000082900000, 0x0000000082a00000|  0%| F|  |TAMS 0x0000000082900000| PB 0x0000000082900000| Untracked 
|  20|0x0000000082a00000, 0x0000000082a00000, 0x0000000082b00000|  0%| F|  |TAMS 0x0000000082a00000| PB 0x0000000082a00000| Untracked 
|  21|0x0000000082b00000, 0x0000000082b00000, 0x0000000082c00000|  0%| F|  |TAMS 0x0000000082b00000| PB 0x0000000082b00000| Untracked 
|  22|0x0000000082c00000, 0x0000000082c00000, 0x0000000082d00000|  0%| F|  |TAMS 0x0000000082c00000| PB 0x0000000082c00000| Untracked 
|  23|0x0000000082d00000, 0x0000000082d00000, 0x0000000082e00000|  0%| F|  |TAMS 0x0000000082d00000| PB 0x0000000082d00000| Untracked 
|  24|0x0000000082e00000, 0x0000000082e00000, 0x0000000082f00000|  0%| F|  |TAMS 0x0000000082e00000| PB 0x0000000082e00000| Untracked 
|  25|0x0000000082f00000, 0x0000000082f00000, 0x0000000083000000|  0%| F|  |TAMS 0x0000000082f00000| PB 0x0000000082f00000| Untracked 
|  26|0x0000000083000000, 0x0000000083000000, 0x0000000083100000|  0%| F|  |TAMS 0x0000000083000000| PB 0x0000000083000000| Untracked 
|  27|0x0000000083100000, 0x0000000083100000, 0x0000000083200000|  0%| F|  |TAMS 0x0000000083100000| PB 0x0000000083100000| Untracked 
|  28|0x0000000083200000, 0x0000000083200000, 0x0000000083300000|  0%| F|  |TAMS 0x0000000083200000| PB 0x0000000083200000| Untracked 
|  29|0x0000000083300000, 0x0000000083300000, 0x0000000083400000|  0%| F|  |TAMS 0x0000000083300000| PB 0x0000000083300000| Untracked 
|  30|0x0000000083400000, 0x0000000083400000, 0x0000000083500000|  0%| F|  |TAMS 0x0000000083400000| PB 0x0000000083400000| Untracked 
|  31|0x0000000083500000, 0x0000000083500000, 0x0000000083600000|  0%| F|  |TAMS 0x0000000083500000| PB 0x0000000083500000| Untracked 
|  32|0x0000000083600000, 0x0000000083600000, 0x0000000083700000|  0%| F|  |TAMS 0x0000000083600000| PB 0x0000000083600000| Untracked 
|  33|0x0000000083700000, 0x0000000083700000, 0x0000000083800000|  0%| F|  |TAMS 0x0000000083700000| PB 0x0000000083700000| Untracked 
|  34|0x0000000083800000, 0x0000000083800000, 0x0000000083900000|  0%| F|  |TAMS 0x0000000083800000| PB 0x0000000083800000| Untracked 
|  35|0x0000000083900000, 0x0000000083900000, 0x0000000083a00000|  0%| F|  |TAMS 0x0000000083900000| PB 0x0000000083900000| Untracked 
|  36|0x0000000083a00000, 0x0000000083a00000, 0x0000000083b00000|  0%| F|  |TAMS 0x0000000083a00000| PB 0x0000000083a00000| Untracked 
|  37|0x0000000083b00000, 0x0000000083b00000, 0x0000000083c00000|  0%| F|  |TAMS 0x0000000083b00000| PB 0x0000000083b00000| Untracked 
|  38|0x0000000083c00000, 0x0000000083c00000, 0x0000000083d00000|  0%| F|  |TAMS 0x0000000083c00000| PB 0x0000000083c00000| Untracked 
|  39|0x0000000083d00000, 0x0000000083d00000, 0x0000000083e00000|  0%| F|  |TAMS 0x0000000083d00000| PB 0x0000000083d00000| Untracked 
|  40|0x0000000083e00000, 0x0000000083e00000, 0x0000000083f00000|  0%| F|  |TAMS 0x0000000083e00000| PB 0x0000000083e00000| Untracked 
|  41|0x0000000083f00000, 0x0000000083f00000, 0x0000000084000000|  0%| F|  |TAMS 0x0000000083f00000| PB 0x0000000083f00000| Untracked 
|  42|0x0000000084000000, 0x0000000084000000, 0x0000000084100000|  0%| F|  |TAMS 0x0000000084000000| PB 0x0000000084000000| Untracked 
|  43|0x0000000084100000, 0x0000000084100000, 0x0000000084200000|  0%| F|  |TAMS 0x0000000084100000| PB 0x0000000084100000| Untracked 
|  44|0x0000000084200000, 0x0000000084200000, 0x0000000084300000|  0%| F|  |TAMS 0x0000000084200000| PB 0x0000000084200000| Untracked 
|  45|0x0000000084300000, 0x0000000084300000, 0x0000000084400000|  0%| F|  |TAMS 0x0000000084300000| PB 0x0000000084300000| Untracked 
|  46|0x0000000084400000, 0x0000000084400000, 0x0000000084500000|  0%| F|  |TAMS 0x0000000084400000| PB 0x0000000084400000| Untracked 
|  47|0x0000000084500000, 0x0000000084500000, 0x0000000084600000|  0%| F|  |TAMS 0x0000000084500000| PB 0x0000000084500000| Untracked 
|  48|0x0000000084600000, 0x0000000084600000, 0x0000000084700000|  0%| F|  |TAMS 0x0000000084600000| PB 0x0000000084600000| Untracked 
|  49|0x0000000084700000, 0x0000000084700000, 0x0000000084800000|  0%| F|  |TAMS 0x0000000084700000| PB 0x0000000084700000| Untracked 
|  50|0x0000000084800000, 0x0000000084800000, 0x0000000084900000|  0%| F|  |TAMS 0x0000000084800000| PB 0x0000000084800000| Untracked 
|  51|0x0000000084900000, 0x0000000084900000, 0x0000000084a00000|  0%| F|  |TAMS 0x0000000084900000| PB 0x0000000084900000| Untracked 
|  52|0x0000000084a00000, 0x0000000084a00000, 0x0000000084b00000|  0%| F|  |TAMS 0x0000000084a00000| PB 0x0000000084a00000| Untracked 
|  53|0x0000000084b00000, 0x0000000084b00000, 0x0000000084c00000|  0%| F|  |TAMS 0x0000000084b00000| PB 0x0000000084b00000| Untracked 
|  54|0x0000000084c00000, 0x0000000084c00000, 0x0000000084d00000|  0%| F|  |TAMS 0x0000000084c00000| PB 0x0000000084c00000| Untracked 
|  55|0x0000000084d00000, 0x0000000084d00000, 0x0000000084e00000|  0%| F|  |TAMS 0x0000000084d00000| PB 0x0000000084d00000| Untracked 
|  56|0x0000000084e00000, 0x0000000084e00000, 0x0000000084f00000|  0%| F|  |TAMS 0x0000000084e00000| PB 0x0000000084e00000| Untracked 
|  57|0x0000000084f00000, 0x0000000084f00000, 0x0000000085000000|  0%| F|  |TAMS 0x0000000084f00000| PB 0x0000000084f00000| Untracked 
|  58|0x0000000085000000, 0x0000000085000000, 0x0000000085100000|  0%| F|  |TAMS 0x0000000085000000| PB 0x0000000085000000| Untracked 
|  59|0x0000000085100000, 0x0000000085100000, 0x0000000085200000|  0%| F|  |TAMS 0x0000000085100000| PB 0x0000000085100000| Untracked 
|  60|0x0000000085200000, 0x0000000085200000, 0x0000000085300000|  0%| F|  |TAMS 0x0000000085200000| PB 0x0000000085200000| Untracked 
|  61|0x0000000085300000, 0x0000000085300000, 0x0000000085400000|  0%| F|  |TAMS 0x0000000085300000| PB 0x0000000085300000| Untracked 
|  62|0x0000000085400000, 0x0000000085400000, 0x0000000085500000|  0%| F|  |TAMS 0x0000000085400000| PB 0x0000000085400000| Untracked 
|  63|0x0000000085500000, 0x0000000085500000, 0x0000000085600000|  0%| F|  |TAMS 0x0000000085500000| PB 0x0000000085500000| Untracked 
|  64|0x0000000085600000, 0x0000000085600000, 0x0000000085700000|  0%| F|  |TAMS 0x0000000085600000| PB 0x0000000085600000| Untracked 
|  65|0x0000000085700000, 0x0000000085700000, 0x0000000085800000|  0%| F|  |TAMS 0x0000000085700000| PB 0x0000000085700000| Untracked 
|  66|0x0000000085800000, 0x0000000085800000, 0x0000000085900000|  0%| F|  |TAMS 0x0000000085800000| PB 0x0000000085800000| Untracked 
|  67|0x0000000085900000, 0x0000000085900000, 0x0000000085a00000|  0%| F|  |TAMS 0x0000000085900000| PB 0x0000000085900000| Untracked 
|  68|0x0000000085a00000, 0x0000000085a00000, 0x0000000085b00000|  0%| F|  |TAMS 0x0000000085a00000| PB 0x0000000085a00000| Untracked 
|  69|0x0000000085b00000, 0x0000000085b00000, 0x0000000085c00000|  0%| F|  |TAMS 0x0000000085b00000| PB 0x0000000085b00000| Untracked 
|  70|0x0000000085c00000, 0x0000000085c00000, 0x0000000085d00000|  0%| F|  |TAMS 0x0000000085c00000| PB 0x0000000085c00000| Untracked 
|  71|0x0000000085d00000, 0x0000000085d00000, 0x0000000085e00000|  0%| F|  |TAMS 0x0000000085d00000| PB 0x0000000085d00000| Untracked 
|  72|0x0000000085e00000, 0x0000000085e00000, 0x0000000085f00000|  0%| F|  |TAMS 0x0000000085e00000| PB 0x0000000085e00000| Untracked 
|  73|0x0000000085f00000, 0x0000000085f00000, 0x0000000086000000|  0%| F|  |TAMS 0x0000000085f00000| PB 0x0000000085f00000| Untracked 
|  74|0x0000000086000000, 0x0000000086000000, 0x0000000086100000|  0%| F|  |TAMS 0x0000000086000000| PB 0x0000000086000000| Untracked 
|  75|0x0000000086100000, 0x0000000086100000, 0x0000000086200000|  0%| F|  |TAMS 0x0000000086100000| PB 0x0000000086100000| Untracked 
|  76|0x0000000086200000, 0x0000000086200000, 0x0000000086300000|  0%| F|  |TAMS 0x0000000086200000| PB 0x0000000086200000| Untracked 
|  77|0x0000000086300000, 0x0000000086300000, 0x0000000086400000|  0%| F|  |TAMS 0x0000000086300000| PB 0x0000000086300000| Untracked 
|  78|0x0000000086400000, 0x0000000086400000, 0x0000000086500000|  0%| F|  |TAMS 0x0000000086400000| PB 0x0000000086400000| Untracked 
|  79|0x0000000086500000, 0x0000000086500000, 0x0000000086600000|  0%| F|  |TAMS 0x0000000086500000| PB 0x0000000086500000| Untracked 
|  80|0x0000000086600000, 0x0000000086600000, 0x0000000086700000|  0%| F|  |TAMS 0x0000000086600000| PB 0x0000000086600000| Untracked 
|  81|0x0000000086700000, 0x0000000086700000, 0x0000000086800000|  0%| F|  |TAMS 0x0000000086700000| PB 0x0000000086700000| Untracked 
|  82|0x0000000086800000, 0x0000000086800000, 0x0000000086900000|  0%| F|  |TAMS 0x0000000086800000| PB 0x0000000086800000| Untracked 
|  83|0x0000000086900000, 0x0000000086900000, 0x0000000086a00000|  0%| F|  |TAMS 0x0000000086900000| PB 0x0000000086900000| Untracked 
|  84|0x0000000086a00000, 0x0000000086a00000, 0x0000000086b00000|  0%| F|  |TAMS 0x0000000086a00000| PB 0x0000000086a00000| Untracked 
|  85|0x0000000086b00000, 0x0000000086b00000, 0x0000000086c00000|  0%| F|  |TAMS 0x0000000086b00000| PB 0x0000000086b00000| Untracked 
|  86|0x0000000086c00000, 0x0000000086c00000, 0x0000000086d00000|  0%| F|  |TAMS 0x0000000086c00000| PB 0x0000000086c00000| Untracked 
|  87|0x0000000086d00000, 0x0000000086d00000, 0x0000000086e00000|  0%| F|  |TAMS 0x0000000086d00000| PB 0x0000000086d00000| Untracked 
|  88|0x0000000086e00000, 0x0000000086e00000, 0x0000000086f00000|  0%| F|  |TAMS 0x0000000086e00000| PB 0x0000000086e00000| Untracked 
|  89|0x0000000086f00000, 0x0000000086f00000, 0x0000000087000000|  0%| F|  |TAMS 0x0000000086f00000| PB 0x0000000086f00000| Untracked 
|  90|0x0000000087000000, 0x0000000087000000, 0x0000000087100000|  0%| F|  |TAMS 0x0000000087000000| PB 0x0000000087000000| Untracked 
|  91|0x0000000087100000, 0x0000000087100000, 0x0000000087200000|  0%| F|  |TAMS 0x0000000087100000| PB 0x0000000087100000| Untracked 
|  92|0x0000000087200000, 0x0000000087200000, 0x0000000087300000|  0%| F|  |TAMS 0x0000000087200000| PB 0x0000000087200000| Untracked 
|  93|0x0000000087300000, 0x0000000087300000, 0x0000000087400000|  0%| F|  |TAMS 0x0000000087300000| PB 0x0000000087300000| Untracked 
|  94|0x0000000087400000, 0x0000000087400000, 0x0000000087500000|  0%| F|  |TAMS 0x0000000087400000| PB 0x0000000087400000| Untracked 
|  95|0x0000000087500000, 0x0000000087500000, 0x0000000087600000|  0%| F|  |TAMS 0x0000000087500000| PB 0x0000000087500000| Untracked 
|  96|0x0000000087600000, 0x0000000087600000, 0x0000000087700000|  0%| F|  |TAMS 0x0000000087600000| PB 0x0000000087600000| Untracked 
|  97|0x0000000087700000, 0x0000000087700000, 0x0000000087800000|  0%| F|  |TAMS 0x0000000087700000| PB 0x0000000087700000| Untracked 
|  98|0x0000000087800000, 0x0000000087800000, 0x0000000087900000|  0%| F|  |TAMS 0x0000000087800000| PB 0x0000000087800000| Untracked 
|  99|0x0000000087900000, 0x0000000087900000, 0x0000000087a00000|  0%| F|  |TAMS 0x0000000087900000| PB 0x0000000087900000| Untracked 
| 100|0x0000000087a00000, 0x0000000087a00000, 0x0000000087b00000|  0%| F|  |TAMS 0x0000000087a00000| PB 0x0000000087a00000| Untracked 
| 101|0x0000000087b00000, 0x0000000087b00000, 0x0000000087c00000|  0%| F|  |TAMS 0x0000000087b00000| PB 0x0000000087b00000| Untracked 
| 102|0x0000000087c00000, 0x0000000087c00000, 0x0000000087d00000|  0%| F|  |TAMS 0x0000000087c00000| PB 0x0000000087c00000| Untracked 
| 103|0x0000000087d00000, 0x0000000087d00000, 0x0000000087e00000|  0%| F|  |TAMS 0x0000000087d00000| PB 0x0000000087d00000| Untracked 
| 104|0x0000000087e00000, 0x0000000087e00000, 0x0000000087f00000|  0%| F|  |TAMS 0x0000000087e00000| PB 0x0000000087e00000| Untracked 
| 105|0x0000000087f00000, 0x0000000087f00000, 0x0000000088000000|  0%| F|  |TAMS 0x0000000087f00000| PB 0x0000000087f00000| Untracked 
| 106|0x0000000088000000, 0x0000000088000000, 0x0000000088100000|  0%| F|  |TAMS 0x0000000088000000| PB 0x0000000088000000| Untracked 
| 107|0x0000000088100000, 0x0000000088100000, 0x0000000088200000|  0%| F|  |TAMS 0x0000000088100000| PB 0x0000000088100000| Untracked 
| 108|0x0000000088200000, 0x0000000088200000, 0x0000000088300000|  0%| F|  |TAMS 0x0000000088200000| PB 0x0000000088200000| Untracked 
| 109|0x0000000088300000, 0x0000000088300000, 0x0000000088400000|  0%| F|  |TAMS 0x0000000088300000| PB 0x0000000088300000| Untracked 
| 110|0x0000000088400000, 0x0000000088400000, 0x0000000088500000|  0%| F|  |TAMS 0x0000000088400000| PB 0x0000000088400000| Untracked 
| 111|0x0000000088500000, 0x0000000088500000, 0x0000000088600000|  0%| F|  |TAMS 0x0000000088500000| PB 0x0000000088500000| Untracked 
| 112|0x0000000088600000, 0x0000000088600000, 0x0000000088700000|  0%| F|  |TAMS 0x0000000088600000| PB 0x0000000088600000| Untracked 
| 113|0x0000000088700000, 0x0000000088700000, 0x0000000088800000|  0%| F|  |TAMS 0x0000000088700000| PB 0x0000000088700000| Untracked 
| 114|0x0000000088800000, 0x0000000088800000, 0x0000000088900000|  0%| F|  |TAMS 0x0000000088800000| PB 0x0000000088800000| Untracked 
| 115|0x0000000088900000, 0x0000000088900000, 0x0000000088a00000|  0%| F|  |TAMS 0x0000000088900000| PB 0x0000000088900000| Untracked 
| 116|0x0000000088a00000, 0x0000000088a00000, 0x0000000088b00000|  0%| F|  |TAMS 0x0000000088a00000| PB 0x0000000088a00000| Untracked 
| 117|0x0000000088b00000, 0x0000000088b00000, 0x0000000088c00000|  0%| F|  |TAMS 0x0000000088b00000| PB 0x0000000088b00000| Untracked 
| 118|0x0000000088c00000, 0x0000000088c00000, 0x0000000088d00000|  0%| F|  |TAMS 0x0000000088c00000| PB 0x0000000088c00000| Untracked 
| 119|0x0000000088d00000, 0x0000000088d00000, 0x0000000088e00000|  0%| F|  |TAMS 0x0000000088d00000| PB 0x0000000088d00000| Untracked 
| 120|0x0000000088e00000, 0x0000000088e00000, 0x0000000088f00000|  0%| F|  |TAMS 0x0000000088e00000| PB 0x0000000088e00000| Untracked 
| 121|0x0000000088f00000, 0x0000000088f00000, 0x0000000089000000|  0%| F|  |TAMS 0x0000000088f00000| PB 0x0000000088f00000| Untracked 
| 122|0x0000000089000000, 0x0000000089000000, 0x0000000089100000|  0%| F|  |TAMS 0x0000000089000000| PB 0x0000000089000000| Untracked 
| 123|0x0000000089100000, 0x0000000089100000, 0x0000000089200000|  0%| F|  |TAMS 0x0000000089100000| PB 0x0000000089100000| Untracked 
| 124|0x0000000089200000, 0x0000000089276490, 0x0000000089300000| 46%| E|  |TAMS 0x0000000089200000| PB 0x0000000089200000| Complete 
| 125|0x0000000089300000, 0x0000000089400000, 0x0000000089400000|100%| E|CS|TAMS 0x0000000089300000| PB 0x0000000089300000| Complete 
| 126|0x0000000089400000, 0x0000000089500000, 0x0000000089500000|100%| E|CS|TAMS 0x0000000089400000| PB 0x0000000089400000| Complete 
| 127|0x0000000089500000, 0x0000000089600000, 0x0000000089600000|100%| E|CS|TAMS 0x0000000089500000| PB 0x0000000089500000| Complete 

Card table byte_map: [0x000001ffd4420000,0x000001ffd4820000] _byte_map_base: 0x000001ffd4015000

Marking Bits: (CMBitMap*) 0x000001ffbcc77fb0
 Bits: [0x000001ffd4c20000, 0x000001ffd6bc8000)

Polling page: 0x000001ffbc3e0000

Metaspace:

Usage:
  Non-class:      6.00 MB used.
      Class:    552.87 KB used.
       Both:      6.54 MB used.

Virtual space:
  Non-class space:       64.00 MB reserved,       6.00 MB (  9%) committed,  1 nodes.
      Class space:        1.00 GB reserved,     576.00 KB ( <1%) committed,  1 nodes.
             Both:        1.06 GB reserved,       6.56 MB ( <1%) committed. 

Chunk freelists:
   Non-Class:  1.00 MB
       Class:  3.25 MB
        Both:  4.25 MB

MaxMetaspaceSize: unlimited
CompressedClassSpaceSize: 1.00 GB
Initial GC threshold: 21.00 MB
Current GC threshold: 21.00 MB
CDS: off
MetaspaceReclaimPolicy: balanced
 - commit_granule_bytes: 65536.
 - commit_granule_words: 8192.
 - virtual_space_node_default_size: 8388608.
 - enlarge_chunks_in_place: 1.
 - new_chunks_are_fully_committed: 0.
 - uncommit_free_chunks: 1.
 - use_allocation_guard: 0.


Internal statistics:

num_allocs_failed_limit: 0.
num_arena_births: 6.
num_arena_deaths: 0.
num_vsnodes_births: 2.
num_vsnodes_deaths: 0.
num_space_committed: 105.
num_space_uncommitted: 0.
num_chunks_returned_to_freelist: 0.
num_chunks_taken_from_freelist: 24.
num_chunk_merges: 0.
num_chunk_splits: 7.
num_chunks_enlarged: 2.
num_inconsistent_stats: 0.

CodeHeap 'non-profiled nmethods': size=120000Kb used=55Kb max_used=55Kb free=119944Kb
 bounds [0x000001ffcc7c0000, 0x000001ffcca30000, 0x000001ffd3cf0000]
CodeHeap 'profiled nmethods': size=120000Kb used=251Kb max_used=251Kb free=119748Kb
 bounds [0x000001ffc4cf0000, 0x000001ffc4f60000, 0x000001ffcc220000]
CodeHeap 'non-nmethods': size=5760Kb used=1325Kb max_used=1339Kb free=4434Kb
 bounds [0x000001ffcc220000, 0x000001ffcc490000, 0x000001ffcc7c0000]
 total_blobs=587 nmethods=203 adapters=295
 compilation: enabled
              stopped_count=0, restarted_count=0
 full_count=0

Compilation events (20 events):
Event: 0.165 Thread 0x000001ffdd8843e0 nmethod 197 0x000001ffc4d2b790 code [0x000001ffc4d2b940, 0x000001ffc4d2bbd0]
Event: 0.165 Thread 0x000001ffdd8843e0  198       3       java.util.stream.ReduceOps$3ReducingSink::accept (15 bytes)
Event: 0.165 Thread 0x000001ffdd8843e0 nmethod 198 0x000001ffc4d2bd10 code [0x000001ffc4d2bea0, 0x000001ffc4d2c078]
Event: 0.166 Thread 0x000001ffdd8843e0  199       3       java.util.stream.Collectors$$Lambda$6/0x000000010001a828::accept (14 bytes)
Event: 0.166 Thread 0x000001ffdd8843e0 nmethod 199 0x000001ffc4d2c110 code [0x000001ffc4d2c2c0, 0x000001ffc4d2c630]
Event: 0.166 Thread 0x000001ffdd8843e0  200       3       java.util.zip.ZipFile$Source::getEntryPos (9 bytes)
Event: 0.166 Thread 0x000001ffdd8843e0 nmethod 200 0x000001ffc4d2c790 code [0x000001ffc4d2c920, 0x000001ffc4d2ca60]
Event: 0.166 Thread 0x000001ffdd8843e0  209       3       java.util.jar.JavaUtilJarAccessImpl::entryFor (6 bytes)
Event: 0.166 Thread 0x000001ffdd8843e0 nmethod 209 0x000001ffc4d2cb10 code [0x000001ffc4d2ccc0, 0x000001ffc4d2d060]
Event: 0.166 Thread 0x000001ffdd8843e0  210       3       java.util.jar.JarFile::entryFor (10 bytes)
Event: 0.166 Thread 0x000001ffdd8843e0 nmethod 210 0x000001ffc4d2d210 code [0x000001ffc4d2d3c0, 0x000001ffc4d2d6f0]
Event: 0.166 Thread 0x000001ffdd8843e0  201       3       jdk.internal.module.ModulePath$$Lambda$26/0x0000000100087630::apply (11 bytes)
Event: 0.166 Thread 0x000001ffdd8843e0 nmethod 201 0x000001ffc4d2d810 code [0x000001ffc4d2d9a0, 0x000001ffc4d2dc48]
Event: 0.166 Thread 0x000001ffdd8843e0  202       3       java.util.zip.ZipUtils::CENLEN (9 bytes)
Event: 0.166 Thread 0x000001ffdd8843e0 nmethod 202 0x000001ffc4d2dd10 code [0x000001ffc4d2dec0, 0x000001ffc4d2e1a0]
Event: 0.166 Thread 0x000001ffdd8843e0  203       3       java.util.zip.ZipUtils::CENSIZ (9 bytes)
Event: 0.166 Thread 0x000001ffdd8843e0 nmethod 203 0x000001ffc4d2e310 code [0x000001ffc4d2e4c0, 0x000001ffc4d2e7a0]
Event: 0.166 Thread 0x000001ffdd8843e0  204       3       java.util.zip.ZipCoder$UTF8ZipCoder::toString (12 bytes)
Event: 0.166 Thread 0x000001ffdd8843e0 nmethod 204 0x000001ffc4d2e910 code [0x000001ffc4d2eaa0, 0x000001ffc4d2ec40]
Event: 0.167 Thread 0x000001ffdd8843e0  207       3       java.util.zip.ZipFile::getZipEntry (322 bytes)

GC Heap History (0 events):
No events

Dll operation events (5 events):
Event: 0.006 Loaded shared library C:\Program Files\Java\jdk-20\bin\java.dll
Event: 0.030 Loaded shared library C:\Program Files\Java\jdk-20\bin\jsvml.dll
Event: 0.119 Loaded shared library C:\Program Files\Java\jdk-20\bin\net.dll
Event: 0.120 Loaded shared library C:\Program Files\Java\jdk-20\bin\nio.dll
Event: 0.134 Loaded shared library C:\Program Files\Java\jdk-20\bin\zip.dll

Deoptimization events (0 events):
No events

Classes loaded (20 events):
Event: 0.158 Loading class java/lang/module/ModuleDescriptor$Builder
Event: 0.158 Loading class java/lang/module/ModuleDescriptor$Builder done
Event: 0.158 Loading class jdk/internal/module/Checks
Event: 0.158 Loading class jdk/internal/module/Checks done
Event: 0.159 Loading class java/util/zip/ZipFile$EntrySpliterator
Event: 0.159 Loading class java/util/Spliterators$AbstractSpliterator
Event: 0.159 Loading class java/util/Spliterators$AbstractSpliterator done
Event: 0.159 Loading class java/util/zip/ZipFile$EntrySpliterator done
Event: 0.159 Loading class java/util/function/IntFunction
Event: 0.159 Loading class java/util/function/IntFunction done
Event: 0.161 Loading class java/util/stream/Collectors$Partition
Event: 0.161 Loading class java/util/stream/Collectors$Partition done
Event: 0.167 Loading class java/util/stream/Collectors$Partition$1
Event: 0.167 Loading class java/util/stream/Collectors$Partition$1 done
Event: 0.167 Loading class java/util/AbstractMap$SimpleImmutableEntry
Event: 0.167 Loading class java/util/AbstractMap$SimpleImmutableEntry done
Event: 0.167 Loading class java/util/HashMap$KeySpliterator
Event: 0.167 Loading class java/util/HashMap$HashMapSpliterator
Event: 0.167 Loading class java/util/HashMap$HashMapSpliterator done
Event: 0.167 Loading class java/util/HashMap$KeySpliterator done

Classes unloaded (0 events):
No events

Classes redefined (0 events):
No events

Internal exceptions (0 events):
No events

VM Operations (2 events):
Event: 0.149 Executing VM operation: HandshakeAllThreads
Event: 0.149 Executing VM operation: HandshakeAllThreads done

Events (10 events):
Event: 0.030 Thread 0x000001ffbcc16880 Thread added: 0x000001ffbcc16880
Event: 0.053 Thread 0x000001ffdd826180 Thread added: 0x000001ffdd826180
Event: 0.053 Thread 0x000001ffdd8276c0 Thread added: 0x000001ffdd8276c0
Event: 0.054 Thread 0x000001ffdd876900 Thread added: 0x000001ffdd876900
Event: 0.054 Thread 0x000001ffdd877440 Thread added: 0x000001ffdd877440
Event: 0.054 Thread 0x000001ffdd85a7c0 Thread added: 0x000001ffdd85a7c0
Event: 0.054 Thread 0x000001ffdd85b8a0 Thread added: 0x000001ffdd85b8a0
Event: 0.054 Thread 0x000001ffdd883a60 Thread added: 0x000001ffdd883a60
Event: 0.054 Thread 0x000001ffdd8843e0 Thread added: 0x000001ffdd8843e0
Event: 0.100 Thread 0x000001ffdd93a710 Thread added: 0x000001ffdd93a710


Dynamic libraries:
0x00007ff69f7d0000 - 0x00007ff69f7e0000 	C:\Program Files\Java\jdk-20\bin\javaw.exe
0x00007ffc55610000 - 0x00007ffc55824000 	C:\WINDOWS\SYSTEM32\ntdll.dll
0x00007ffc539c0000 - 0x00007ffc53a84000 	C:\WINDOWS\System32\KERNEL32.DLL
0x00007ffc529c0000 - 0x00007ffc52d64000 	C:\WINDOWS\System32\KERNELBASE.dll
0x00007ffc53250000 - 0x00007ffc53361000 	C:\WINDOWS\System32\ucrtbase.dll
0x00007ffc2ff30000 - 0x00007ffc2ff4b000 	C:\Program Files\Java\jdk-20\bin\VCRUNTIME140.dll
0x00007ffc317a0000 - 0x00007ffc317b9000 	C:\Program Files\Java\jdk-20\bin\jli.dll
0x00007ffc53f90000 - 0x00007ffc54040000 	C:\WINDOWS\System32\ADVAPI32.dll
0x00007ffc53a90000 - 0x00007ffc53b37000 	C:\WINDOWS\System32\msvcrt.dll
0x00007ffc54040000 - 0x00007ffc540e6000 	C:\WINDOWS\System32\sechost.dll
0x00007ffc554b0000 - 0x00007ffc555c7000 	C:\WINDOWS\System32\RPCRT4.dll
0x00007ffc53760000 - 0x00007ffc5390e000 	C:\WINDOWS\System32\USER32.dll
0x00007ffc53370000 - 0x00007ffc53396000 	C:\WINDOWS\System32\win32u.dll
0x00007ffc53b40000 - 0x00007ffc53b69000 	C:\WINDOWS\System32\GDI32.dll
0x00007ffc489a0000 - 0x00007ffc48c33000 	C:\WINDOWS\WinSxS\amd64_microsoft.windows.common-controls_6595b64144ccf1df_6.0.22621.2215_none_270d72677387dfc3\COMCTL32.dll
0x00007ffc52d70000 - 0x00007ffc52e88000 	C:\WINDOWS\System32\gdi32full.dll
0x00007ffc531b0000 - 0x00007ffc5324a000 	C:\WINDOWS\System32\msvcp_win.dll
0x00007ffc4d860000 - 0x00007ffc4d86a000 	C:\WINDOWS\SYSTEM32\VERSION.dll
0x00007ffc53910000 - 0x00007ffc53941000 	C:\WINDOWS\System32\IMM32.DLL
0x00007ffc4db70000 - 0x00007ffc4db7c000 	C:\Program Files\Java\jdk-20\bin\vcruntime140_1.dll
0x00007ffc20550000 - 0x00007ffc205de000 	C:\Program Files\Java\jdk-20\bin\msvcp140.dll
0x00007ffc04d40000 - 0x00007ffc059d8000 	C:\Program Files\Java\jdk-20\bin\server\jvm.dll
0x00007ffc4bef0000 - 0x00007ffc4bef9000 	C:\WINDOWS\SYSTEM32\WSOCK32.dll
0x00007ffc4b7c0000 - 0x00007ffc4b7f4000 	C:\WINDOWS\SYSTEM32\WINMM.dll
0x00007ffc55330000 - 0x00007ffc553a1000 	C:\WINDOWS\System32\WS2_32.dll
0x00007ffc519c0000 - 0x00007ffc519d8000 	C:\WINDOWS\SYSTEM32\kernel.appcore.dll
0x00007ffc487b0000 - 0x00007ffc487ba000 	C:\Program Files\Java\jdk-20\bin\jimage.dll
0x00007ffc50460000 - 0x00007ffc5068e000 	C:\WINDOWS\SYSTEM32\DBGHELP.DLL
0x00007ffc53b70000 - 0x00007ffc53efa000 	C:\WINDOWS\System32\combase.dll
0x00007ffc535c0000 - 0x00007ffc53697000 	C:\WINDOWS\System32\OLEAUT32.dll
0x00007ffc3d5f0000 - 0x00007ffc3d622000 	C:\WINDOWS\SYSTEM32\dbgcore.DLL
0x00007ffc53000000 - 0x00007ffc5307a000 	C:\WINDOWS\System32\bcryptPrimitives.dll
0x00007ffc1a2b0000 - 0x00007ffc1a2d6000 	C:\Program Files\Java\jdk-20\bin\java.dll
0x00007ffc0b6c0000 - 0x00007ffc0b797000 	C:\Program Files\Java\jdk-20\bin\jsvml.dll
0x00007ffc54b00000 - 0x00007ffc55323000 	C:\WINDOWS\System32\SHELL32.dll
0x00007ffc50950000 - 0x00007ffc5123a000 	C:\WINDOWS\SYSTEM32\windows.storage.dll
0x00007ffc50810000 - 0x00007ffc5094e000 	C:\WINDOWS\SYSTEM32\wintypes.dll
0x00007ffc549d0000 - 0x00007ffc54ac3000 	C:\WINDOWS\System32\SHCORE.dll
0x00007ffc553d0000 - 0x00007ffc5542e000 	C:\WINDOWS\System32\shlwapi.dll
0x00007ffc528f0000 - 0x00007ffc52916000 	C:\WINDOWS\SYSTEM32\profapi.dll
0x00007ffc2ff10000 - 0x00007ffc2ff23000 	C:\Program Files\Java\jdk-20\bin\net.dll
0x00007ffc4b800000 - 0x00007ffc4b937000 	C:\WINDOWS\SYSTEM32\WINHTTP.dll
0x00007ffc51e90000 - 0x00007ffc51ef9000 	C:\WINDOWS\system32\mswsock.dll
0x00007ffc2d050000 - 0x00007ffc2d066000 	C:\Program Files\Java\jdk-20\bin\nio.dll
0x00007ffc269e0000 - 0x00007ffc269f8000 	C:\Program Files\Java\jdk-20\bin\zip.dll

dbghelp: loaded successfully - version: 4.0.5 - missing functions: none
symbol engine: initialized successfully - sym options: 0x614 - pdb path: .;C:\Program Files\Java\jdk-20\bin;C:\WINDOWS\SYSTEM32;C:\WINDOWS\WinSxS\amd64_microsoft.windows.common-controls_6595b64144ccf1df_6.0.22621.2215_none_270d72677387dfc3;C:\Program Files\Java\jdk-20\bin\server

VM Arguments:
jvm_args: -Dfile.encoding=UTF-8 --module-path=C:\Users\magno\Downloads\Projeto mod 3\M-Tur\mysql-connector-j-8.1.0.jar -XX:+ShowCodeDetailsInExceptionMessages 
java_command: Modal.AgenciaTeste
java_class_path (initial): C:\Users\magno\Downloads\Projeto mod 3\M-Tur\bin
Launcher Type: SUN_STANDARD

[Global flags]
     intx CICompilerCount                          = 4                                         {product} {ergonomic}
     uint ConcGCThreads                            = 2                                         {product} {ergonomic}
     uint G1ConcRefinementThreads                  = 8                                         {product} {ergonomic}
   size_t G1HeapRegionSize                         = 1048576                                   {product} {ergonomic}
    uintx GCDrainStackTargetSize                   = 64                                        {product} {ergonomic}
   size_t InitialHeapSize                          = 134217728                                 {product} {ergonomic}
   size_t MarkStackSize                            = 4194304                                   {product} {ergonomic}
   size_t MaxHeapSize                              = 2124414976                                {product} {ergonomic}
   size_t MaxNewSize                               = 1274019840                                {product} {ergonomic}
   size_t MinHeapDeltaBytes                        = 1048576                                   {product} {ergonomic}
   size_t MinHeapSize                              = 8388608                                   {product} {ergonomic}
    uintx NonNMethodCodeHeapSize                   = 5839372                                {pd product} {ergonomic}
    uintx NonProfiledCodeHeapSize                  = 122909434                              {pd product} {ergonomic}
    uintx ProfiledCodeHeapSize                     = 122909434                              {pd product} {ergonomic}
    uintx ReservedCodeCacheSize                    = 251658240                              {pd product} {ergonomic}
     bool SegmentedCodeCache                       = true                                      {product} {ergonomic}
     bool ShowCodeDetailsInExceptionMessages       = true                                   {manageable} {command line}
   size_t SoftMaxHeapSize                          = 2124414976                             {manageable} {ergonomic}
     bool UseCompressedClassPointers               = true                           {product lp64_product} {ergonomic}
     bool UseCompressedOops                        = true                           {product lp64_product} {ergonomic}
     bool UseG1GC                                  = true                                      {product} {ergonomic}
     bool UseLargePagesIndividualAllocation        = false                                  {pd product} {ergonomic}

Logging:
Log output configuration:
 #0: stdout all=warning uptime,level,tags foldmultilines=false
 #1: stderr all=off uptime,level,tags foldmultilines=false

Environment Variables:
PATH=C:\Program Files\Common Files\Oracle\Java\javapath;C:\Program Files (x86)\Common Files\Intel\Shared Libraries\redist\intel64\compiler;C:\Program Files (x86)\Common Files\Oracle\Java\javapath;C:\WINDOWS\system32;C:\WINDOWS;C:\WINDOWS\System32\Wbem;C:\WINDOWS\System32\WindowsPowerShell\v1.0\;C:\WINDOWS\System32\OpenSSH\;C:\Program Files\nodejs\;C:\Program Files\Git\cmd;C:\Program Files\MySQL\MySQL Shell 8.0\bin\;C:\Users\magno\AppData\Local\Microsoft\WindowsApps;;C:\Users\magno\AppData\Local\Programs\Microsoft VS Code\bin;C:\Users\magno\AppData\Roaming\npm
USERNAME=magno
OS=Windows_NT
PROCESSOR_IDENTIFIER=Intel64 Family 6 Model 142 Stepping 10, GenuineIntel
TMP=C:\Users\magno\AppData\Local\Temp
TEMP=C:\Users\magno\AppData\Local\Temp




---------------  S Y S T E M  ---------------

OS:
 Windows 11 , 64 bit Build 22621 (10.0.22621.2215)
OS uptime: 0 days 18:51 hours

CPU: total 8 (initial active 8) (4 cores per cpu, 2 threads per core) family 6 model 142 stepping 10 microcode 0xea, cx8, cmov, fxsr, ht, mmx, 3dnowpref, sse, sse2, sse3, ssse3, sse4.1, sse4.2, popcnt, lzcnt, tsc, tscinvbit, avx, avx2, aes, erms, clmul, bmi1, bmi2, adx, fma, vzeroupper, clflush, clflushopt, rdtscp, f16c

Memory: 4k page, system-wide physical 8101M (2563M free)
TotalPageFile size 10149M (AvailPageFile size 1M)
current process WorkingSet (physical memory assigned to process): 33M, peak: 33M
current process commit charge ("private bytes"): 204M, peak: 204M

vm_info: Java HotSpot(TM) 64-Bit Server VM (20.0.2+9-78) for windows-amd64 JRE (20.0.2+9-78), built on 2023-06-14T10:08:48Z by "mach5one" with MS VC++ 17.1 (VS2022)

END.
