#
# There is insufficient memory for the Java Runtime Environment to continue.
# Native memory allocation (mmap) failed to map 134217728 bytes for G1 virtual space
# Possible reasons:
#   The system is out of physical RAM or swap space
#   The process is running with CompressedOops enabled, and the Java Heap may be blocking the growth of the native heap
# Possible solutions:
#   Reduce memory load on the system
#   Increase physical memory or swap space
#   Check if swap backing store is full
#   Decrease Java heap size (-Xmx/-Xms)
#   Decrease number of Java threads
#   Decrease Java thread stack sizes (-Xss)
#   Set larger code cache with -XX:ReservedCodeCacheSize=
#   JVM is running with Unscaled Compressed Oops mode in which the Java heap is
#     placed in the first 4GB address space. The Java Heap base address is the
#     maximum limit for the native heap growth. Please use -XX:HeapBaseMinAddress
#     to set the Java Heap base and to place the Java Heap above 4GB virtual address.
# This output file may be truncated or incomplete.
#
#  Out of Memory Error (os_windows.cpp:3528), pid=5528, tid=5896
#
# JRE version:  (20.0.2+9) (build )
# Java VM: Java HotSpot(TM) 64-Bit Server VM (20.0.2+9-78, mixed mode, sharing, tiered, compressed oops, compressed class ptrs, g1 gc, windows-amd64)
# No core dump will be written. Minidumps are not enabled by default on client versions of Windows
#

---------------  S U M M A R Y ------------

Command Line: -Dfile.encoding=UTF-8 -Dstdout.encoding=UTF-8 -Dstderr.encoding=UTF-8 --module-path=C:\Users\magno\Downloads\Projeto mod 3\M-Tur\mysql-connector-j-8.1.0.jar -XX:+ShowCodeDetailsInExceptionMessages Default.TesteAplicacao

Host: Intel(R) Core(TM) i5-8250U CPU @ 1.60GHz, 8 cores, 7G,  Windows 11 , 64 bit Build 22621 (10.0.22621.2215)
Time: Tue Oct 10 17:47:29 2023 Hora Padrão de Buenos Aires elapsed time: 0.013744 seconds (0d 0h 0m 0s)

---------------  T H R E A D  ---------------

Current thread (0x0000027940605280):  JavaThread "Unknown thread" [_thread_in_vm, id=5896, stack(0x0000008392700000,0x0000008392800000)]

Stack: [0x0000008392700000,0x0000008392800000]
Native frames: (J=compiled Java code, j=interpreted, Vv=VM code, C=native code)
V  [jvm.dll+0x6bc25a]
V  [jvm.dll+0x84971a]
V  [jvm.dll+0x84b315]
V  [jvm.dll+0x84ba13]
V  [jvm.dll+0x280e4f]
V  [jvm.dll+0x6b8fe9]
V  [jvm.dll+0x6adbca]
V  [jvm.dll+0x35b165]
V  [jvm.dll+0x363386]
V  [jvm.dll+0x3b400e]
V  [jvm.dll+0x3b4295]
V  [jvm.dll+0x32b86a]
V  [jvm.dll+0x32c68b]
V  [jvm.dll+0x8123df]
V  [jvm.dll+0x3c1261]
V  [jvm.dll+0x7fe103]
V  [jvm.dll+0x44ccaf]
V  [jvm.dll+0x44e621]
C  [jli.dll+0x5287]
C  [ucrtbase.dll+0x29363]
C  [KERNEL32.DLL+0x1257d]
C  [ntdll.dll+0x5aa68]


---------------  P R O C E S S  ---------------

Threads class SMR info:
_java_thread_list=0x00007ffe1da5b118, length=0, elements={
}

Java Threads: ( => current thread )

Other Threads:
  0x0000027940666730 WorkerThread "GC Thread#0" [stack: 0x0000008392800000,0x0000008392900000] [id=7352]
  0x0000027940678390 ConcurrentGCThread "G1 Main Marker" [stack: 0x0000008392900000,0x0000008392a00000] [id=16240]
  0x0000027940679700 WorkerThread "G1 Conc#0" [stack: 0x0000008392a00000,0x0000008392b00000] [id=12800]

[error occurred during error reporting (printing all threads), id 0xc0000005, EXCEPTION_ACCESS_VIOLATION (0xc0000005) at pc=0x00007ffe1d23eea7]
VM state: not at safepoint (not fully initialized)

VM Mutex/Monitor currently owned by a thread:  ([mutex/lock_event])
[0x00000279406013a0] Heap_lock - owner thread: 0x0000027940605280

Heap address: 0x0000000081600000, size: 2026 MB, Compressed Oops mode: 32-bit

CDS archive(s) mapped at: [0x0000000000000000-0x0000000000000000-0x0000000000000000), size 0, SharedBaseAddress: 0x0000000800000000, ArchiveRelocationMode: 1.
Narrow klass base: 0x0000000000000000, Narrow klass shift: 0, Narrow klass range: 0x0

GC Precious Log:
 CardTable entry size: 512
 Card Set container configuration: InlinePtr #cards 5 size 8 Array Of Cards #cards 12 size 40 Howl #buckets 4 coarsen threshold 1843 Howl Bitmap #cards 512 size 80 coarsen threshold 460 Card regions per heap region 1 cards per card region 2048

Heap:
 garbage-first heap   total 0K, used 0K [0x0000000081600000, 0x0000000100000000)
  region size 1024K, 0 young (0K), 0 survivors (0K)

[error occurred during error reporting (printing heap information), id 0xc0000005, EXCEPTION_ACCESS_VIOLATION (0xc0000005) at pc=0x00007ffe1d6147b9]
GC Heap History (0 events):
No events

Dll operation events (1 events):
Event: 0.007 Loaded shared library C:\Program Files\Java\jdk-20\bin\java.dll

Deoptimization events (0 events):
No events

Classes loaded (0 events):
No events

Classes unloaded (0 events):
No events

Classes redefined (0 events):
No events

Internal exceptions (0 events):
No events

VM Operations (0 events):
No events

Events (0 events):
No events


Dynamic libraries:
0x00007ff609680000 - 0x00007ff609690000 	C:\Program Files\Java\jdk-20\bin\javaw.exe
0x00007ffe99390000 - 0x00007ffe995a4000 	C:\WINDOWS\SYSTEM32\ntdll.dll
0x00007ffe978a0000 - 0x00007ffe97964000 	C:\WINDOWS\System32\KERNEL32.DLL
0x00007ffe96af0000 - 0x00007ffe96e94000 	C:\WINDOWS\System32\KERNELBASE.dll
0x00007ffe968b0000 - 0x00007ffe969c1000 	C:\WINDOWS\System32\ucrtbase.dll
0x00007ffe52550000 - 0x00007ffe52569000 	C:\Program Files\Java\jdk-20\bin\jli.dll
0x00007ffe50ae0000 - 0x00007ffe50afb000 	C:\Program Files\Java\jdk-20\bin\VCRUNTIME140.dll
0x00007ffe97e90000 - 0x00007ffe97f40000 	C:\WINDOWS\System32\ADVAPI32.dll
0x00007ffe98a50000 - 0x00007ffe98af7000 	C:\WINDOWS\System32\msvcrt.dll
0x00007ffe989a0000 - 0x00007ffe98a46000 	C:\WINDOWS\System32\sechost.dll
0x00007ffe979f0000 - 0x00007ffe97b07000 	C:\WINDOWS\System32\RPCRT4.dll
0x00007ffe99030000 - 0x00007ffe991de000 	C:\WINDOWS\System32\USER32.dll
0x00007ffe97030000 - 0x00007ffe97056000 	C:\WINDOWS\System32\win32u.dll
0x00007ffe87120000 - 0x00007ffe873b3000 	C:\WINDOWS\WinSxS\amd64_microsoft.windows.common-controls_6595b64144ccf1df_6.0.22621.2215_none_270d72677387dfc3\COMCTL32.dll
0x00007ffe991e0000 - 0x00007ffe99209000 	C:\WINDOWS\System32\GDI32.dll
0x00007ffe96ea0000 - 0x00007ffe96fb8000 	C:\WINDOWS\System32\gdi32full.dll
0x00007ffe969d0000 - 0x00007ffe96a6a000 	C:\WINDOWS\System32\msvcp_win.dll
0x00007ffe914c0000 - 0x00007ffe914ca000 	C:\WINDOWS\SYSTEM32\VERSION.dll
0x00007ffe98960000 - 0x00007ffe98991000 	C:\WINDOWS\System32\IMM32.DLL
0x00007ffe6ffb0000 - 0x00007ffe6ffbc000 	C:\Program Files\Java\jdk-20\bin\vcruntime140_1.dll
0x00007ffe26e30000 - 0x00007ffe26ebe000 	C:\Program Files\Java\jdk-20\bin\msvcp140.dll
0x00007ffe1cf00000 - 0x00007ffe1db98000 	C:\Program Files\Java\jdk-20\bin\server\jvm.dll
0x00007ffe79c20000 - 0x00007ffe79c29000 	C:\WINDOWS\SYSTEM32\WSOCK32.dll
0x00007ffe8f7f0000 - 0x00007ffe8f824000 	C:\WINDOWS\SYSTEM32\WINMM.dll
0x00007ffe98b00000 - 0x00007ffe98b71000 	C:\WINDOWS\System32\WS2_32.dll
0x00007ffe95740000 - 0x00007ffe95758000 	C:\WINDOWS\SYSTEM32\kernel.appcore.dll
0x00007ffe6faa0000 - 0x00007ffe6faaa000 	C:\Program Files\Java\jdk-20\bin\jimage.dll
0x00007ffe93a90000 - 0x00007ffe93cbe000 	C:\WINDOWS\SYSTEM32\DBGHELP.DLL
0x00007ffe98ca0000 - 0x00007ffe9902a000 	C:\WINDOWS\System32\combase.dll
0x00007ffe99210000 - 0x00007ffe992e7000 	C:\WINDOWS\System32\OLEAUT32.dll
0x00007ffe88200000 - 0x00007ffe88232000 	C:\WINDOWS\SYSTEM32\dbgcore.DLL
0x00007ffe96a70000 - 0x00007ffe96aea000 	C:\WINDOWS\System32\bcryptPrimitives.dll
0x00007ffe50660000 - 0x00007ffe50686000 	C:\Program Files\Java\jdk-20\bin\java.dll

dbghelp: loaded successfully - version: 4.0.5 - missing functions: none
symbol engine: initialized successfully - sym options: 0x614 - pdb path: .;C:\Program Files\Java\jdk-20\bin;C:\WINDOWS\SYSTEM32;C:\WINDOWS\WinSxS\amd64_microsoft.windows.common-controls_6595b64144ccf1df_6.0.22621.2215_none_270d72677387dfc3;C:\Program Files\Java\jdk-20\bin\server

VM Arguments:
jvm_args: -Dfile.encoding=UTF-8 -Dstdout.encoding=UTF-8 -Dstderr.encoding=UTF-8 --module-path=C:\Users\magno\Downloads\Projeto mod 3\M-Tur\mysql-connector-j-8.1.0.jar -XX:+ShowCodeDetailsInExceptionMessages 
java_command: Default.TesteAplicacao
java_class_path (initial): C:\Users\magno\Downloads\Projeto mod 3\M-Tur\bin
Launcher Type: SUN_STANDARD

[Global flags]
     intx CICompilerCount                          = 4                                         {product} {ergonomic}
     uint ConcGCThreads                            = 2                                         {product} {ergonomic}
     uint G1ConcRefinementThreads                  = 8                                         {product} {ergonomic}
   size_t G1HeapRegionSize                         = 1048576                                   {product} {ergonomic}
    uintx GCDrainStackTargetSize                   = 64                                        {product} {ergonomic}
   size_t InitialHeapSize                          = 134217728                                 {product} {ergonomic}
   size_t MarkStackSize                            = 4194304                                   {product} {ergonomic}
   size_t MaxHeapSize                              = 2124414976                                {product} {ergonomic}
   size_t MinHeapDeltaBytes                        = 1048576                                   {product} {ergonomic}
   size_t MinHeapSize                              = 8388608                                   {product} {ergonomic}
    uintx NonNMethodCodeHeapSize                   = 5839372                                {pd product} {ergonomic}
    uintx NonProfiledCodeHeapSize                  = 122909434                              {pd product} {ergonomic}
    uintx ProfiledCodeHeapSize                     = 122909434                              {pd product} {ergonomic}
    uintx ReservedCodeCacheSize                    = 251658240                              {pd product} {ergonomic}
     bool SegmentedCodeCache                       = true                                      {product} {ergonomic}
     bool ShowCodeDetailsInExceptionMessages       = true                                   {manageable} {command line}
   size_t SoftMaxHeapSize                          = 2124414976                             {manageable} {ergonomic}
     bool UseCompressedClassPointers               = true                           {product lp64_product} {ergonomic}
     bool UseCompressedOops                        = true                           {product lp64_product} {ergonomic}
     bool UseG1GC                                  = true                                      {product} {ergonomic}
     bool UseLargePagesIndividualAllocation        = false                                  {pd product} {ergonomic}

Logging:
Log output configuration:
 #0: stdout all=warning uptime,level,tags foldmultilines=false
 #1: stderr all=off uptime,level,tags foldmultilines=false

Environment Variables:
PATH=C:\Program Files\Common Files\Oracle\Java\javapath;C:\Program Files (x86)\Common Files\Intel\Shared Libraries\redist\intel64\compiler;C:\Program Files (x86)\Common Files\Oracle\Java\javapath;C:\WINDOWS\system32;C:\WINDOWS;C:\WINDOWS\System32\Wbem;C:\WINDOWS\System32\WindowsPowerShell\v1.0\;C:\WINDOWS\System32\OpenSSH\;C:\Program Files\nodejs\;C:\Program Files\Git\cmd;C:\Users\magno\AppData\Local\Programs\Python\Python37\Scripts\;C:\Users\magno\AppData\Local\Programs\Python\Python37\;C:\Program Files\MySQL\MySQL Shell 8.0\bin\;C:\Users\magno\AppData\Local\Microsoft\WindowsApps;;C:\Users\magno\AppData\Local\Programs\Microsoft VS Code\bin;C:\Users\magno\AppData\Roaming\npm
USERNAME=magno
OS=Windows_NT
PROCESSOR_IDENTIFIER=Intel64 Family 6 Model 142 Stepping 10, GenuineIntel
TMP=C:\Users\magno\AppData\Local\Temp
TEMP=C:\Users\magno\AppData\Local\Temp




---------------  S Y S T E M  ---------------

OS:
 Windows 11 , 64 bit Build 22621 (10.0.22621.2215)
OS uptime: 1 days 2:13 hours

CPU: total 8 (initial active 8) (4 cores per cpu, 2 threads per core) family 6 model 142 stepping 10 microcode 0xea, cx8, cmov, fxsr, ht, mmx, 3dnowpref, sse, sse2, sse3, ssse3, sse4.1, sse4.2, popcnt, lzcnt, tsc, tscinvbit, avx, avx2, aes, erms, clmul, bmi1, bmi2, adx, fma, vzeroupper, clflush, clflushopt, rdtscp, f16c

Memory: 4k page, system-wide physical 8101M (1690M free)
TotalPageFile size 10149M (AvailPageFile size 41M)
current process WorkingSet (physical memory assigned to process): 11M, peak: 11M
current process commit charge ("private bytes"): 60M, peak: 188M

vm_info: Java HotSpot(TM) 64-Bit Server VM (20.0.2+9-78) for windows-amd64 JRE (20.0.2+9-78), built on 2023-06-14T10:08:48Z by "mach5one" with MS VC++ 17.1 (VS2022)

END.
